<?xml version="1.0" encoding="UTF-8"?>
<coverage generated="1704391642237" clover="3.2.0">
  <project timestamp="1704391642238" name="All files">
    <metrics statements="35" coveredstatements="35" conditionals="25" coveredconditionals="25" methods="15" coveredmethods="15" elements="75" coveredelements="75" complexity="0" loc="35" ncloc="35" packages="1" files="5" classes="5"/>
    <file name="cart.js" path="C:\Users\user\Documents\code\Jest-start-\src\cart.js">
      <metrics statements="5" coveredstatements="5" conditionals="0" coveredconditionals="0" methods="7" coveredmethods="7"/>
      <line num="3" count="4" type="stmt"/>
      <line num="6" count="9" type="stmt"/>
      <line num="9" count="2" type="stmt"/>
      <line num="12" count="2" type="stmt"/>
      <line num="15" count="5" type="stmt"/>
    </file>
    <file name="fill.js" path="C:\Users\user\Documents\code\Jest-start-\src\fill.js">
      <metrics statements="11" coveredstatements="11" conditionals="12" coveredconditionals="12" methods="1" coveredmethods="1"/>
      <line num="2" count="7" type="cond" truecount="4" falsecount="0"/>
      <line num="3" count="2" type="stmt"/>
      <line num="6" count="5" type="stmt"/>
      <line num="7" count="5" type="stmt"/>
      <line num="9" count="5" type="cond" truecount="4" falsecount="0"/>
      <line num="10" count="2" type="stmt"/>
      <line num="13" count="5" type="cond" truecount="4" falsecount="0"/>
      <line num="14" count="1" type="stmt"/>
      <line num="17" count="5" type="stmt"/>
      <line num="18" count="15" type="stmt"/>
      <line num="21" count="5" type="stmt"/>
    </file>
    <file name="getDaysinMonth.js" path="C:\Users\user\Documents\code\Jest-start-\src\getDaysinMonth.js">
      <metrics statements="14" coveredstatements="14" conditionals="13" coveredconditionals="13" methods="2" coveredmethods="2"/>
      <line num="1" count="1" type="stmt"/>
      <line num="2" count="2" type="cond" truecount="3" falsecount="0"/>
      <line num="3" count="2" type="stmt"/>
      <line num="6" count="1" type="stmt"/>
      <line num="8" count="1" type="stmt"/>
      <line num="9" count="6" type="cond" truecount="4" falsecount="0"/>
      <line num="10" count="2" type="stmt"/>
      <line num="13" count="4" type="cond" truecount="2" falsecount="0"/>
      <line num="14" count="2" type="cond" truecount="2" falsecount="0"/>
      <line num="15" count="1" type="stmt"/>
      <line num="18" count="1" type="stmt"/>
      <line num="21" count="2" type="cond" truecount="2" falsecount="0"/>
      <line num="22" count="1" type="stmt"/>
      <line num="25" count="1" type="stmt"/>
    </file>
    <file name="index.js" path="C:\Users\user\Documents\code\Jest-start-\src\index.js">
      <metrics statements="1" coveredstatements="1" conditionals="0" coveredconditionals="0" methods="1" coveredmethods="1"/>
      <line num="1" count="3" type="stmt"/>
    </file>
    <file name="validator.js" path="C:\Users\user\Documents\code\Jest-start-\src\validator.js">
      <metrics statements="4" coveredstatements="4" conditionals="0" coveredconditionals="0" methods="4" coveredmethods="4"/>
      <line num="1" count="1" type="stmt"/>
      <line num="3" count="1" type="stmt"/>
      <line num="4" count="1" type="stmt"/>
      <line num="5" count="2" type="stmt"/>
    </file>
  </project>
</coverage>
