<?xml version="1.0" encoding="UTF-8"?>
<coverage generated="1704382123246" clover="3.2.0">
  <project timestamp="1704382123246" name="All files">
    <metrics statements="24" coveredstatements="24" conditionals="13" coveredconditionals="13" methods="14" coveredmethods="14" elements="51" coveredelements="51" complexity="0" loc="24" ncloc="24" packages="1" files="4" classes="4"/>
    <file name="cart.js" path="C:\Users\user\Documents\code\Jest-start-\src\cart.js">
      <metrics statements="5" coveredstatements="5" conditionals="0" coveredconditionals="0" methods="7" coveredmethods="7"/>
      <line num="3" count="4" type="stmt"/>
      <line num="6" count="9" type="stmt"/>
      <line num="9" count="2" type="stmt"/>
      <line num="12" count="2" type="stmt"/>
      <line num="15" count="5" type="stmt"/>
    </file>
    <file name="getDaysinMonth.js" path="C:\Users\user\Documents\code\Jest-start-\src\getDaysinMonth.js">
      <metrics statements="14" coveredstatements="14" conditionals="13" coveredconditionals="13" methods="2" coveredmethods="2"/>
      <line num="1" count="1" type="stmt"/>
      <line num="2" count="2" type="cond" truecount="3" falsecount="0"/>
      <line num="3" count="2" type="stmt"/>
      <line num="6" count="1" type="stmt"/>
      <line num="8" count="1" type="stmt"/>
      <line num="9" count="6" type="cond" truecount="4" falsecount="0"/>
      <line num="10" count="2" type="stmt"/>
      <line num="13" count="4" type="cond" truecount="2" falsecount="0"/>
      <line num="14" count="2" type="cond" truecount="2" falsecount="0"/>
      <line num="15" count="1" type="stmt"/>
      <line num="18" count="1" type="stmt"/>
      <line num="21" count="2" type="cond" truecount="2" falsecount="0"/>
      <line num="22" count="1" type="stmt"/>
      <line num="25" count="1" type="stmt"/>
    </file>
    <file name="index.js" path="C:\Users\user\Documents\code\Jest-start-\src\index.js">
      <metrics statements="1" coveredstatements="1" conditionals="0" coveredconditionals="0" methods="1" coveredmethods="1"/>
      <line num="1" count="3" type="stmt"/>
    </file>
    <file name="validator.js" path="C:\Users\user\Documents\code\Jest-start-\src\validator.js">
      <metrics statements="4" coveredstatements="4" conditionals="0" coveredconditionals="0" methods="4" coveredmethods="4"/>
      <line num="1" count="1" type="stmt"/>
      <line num="3" count="1" type="stmt"/>
      <line num="4" count="1" type="stmt"/>
      <line num="5" count="2" type="stmt"/>
    </file>
  </project>
</coverage>
